<?xml version="1.0" encoding="UTF-8" ?>
<testsuite failures="0" time="2.266" errors="0" skipped="0" tests="22" name="TestSuite">
  <properties>
    <property name="java.runtime.name" value="Java(TM) SE Runtime Environment"/>
    <property name="sun.boot.library.path" value="/System/Library/Java/JavaVirtualMachines/1.6.0.jdk/Contents/Libraries"/>
    <property name="java.vm.version" value="20.10-b01-428"/>
    <property name="awt.nativeDoubleBuffering" value="true"/>
    <property name="gopherProxySet" value="false"/>
    <property name="mrj.build" value="11M3811"/>
    <property name="java.vm.vendor" value="Apple Inc."/>
    <property name="java.vendor.url" value="http://www.apple.com/"/>
    <property name="path.separator" value=":"/>
    <property name="java.vm.name" value="Java HotSpot(TM) 64-Bit Server VM"/>
    <property name="file.encoding.pkg" value="sun.io"/>
    <property name="user.country" value="US"/>
    <property name="sun.java.launcher" value="SUN_STANDARD"/>
    <property name="sun.os.patch.level" value="unknown"/>
    <property name="java.vm.specification.name" value="Java Virtual Machine Specification"/>
    <property name="user.dir" value="/Users/calderaa/Desktop/rock-paper-scissors"/>
    <property name="java.runtime.version" value="1.6.0_35-b10-428-11M3811"/>
    <property name="java.awt.graphicsenv" value="apple.awt.CGraphicsEnvironment"/>
    <property name="basedir" value="/Users/calderaa/Desktop/rock-paper-scissors"/>
    <property name="java.endorsed.dirs" value="/System/Library/Java/JavaVirtualMachines/1.6.0.jdk/Contents/Home/lib/endorsed"/>
    <property name="os.arch" value="x86_64"/>
    <property name="surefire.real.class.path" value="/Users/calderaa/Desktop/rock-paper-scissors/target/surefire/surefirebooter2467743905677723330.jar"/>
    <property name="java.io.tmpdir" value="/var/folders/cl/2d70999j40j9w5r31571lmmnkc9mw1/T/"/>
    <property name="line.separator" value="
"/>
    <property name="java.vm.specification.vendor" value="Sun Microsystems Inc."/>
    <property name="os.name" value="Mac OS X"/>
    <property name="sun.jnu.encoding" value="MacRoman"/>
    <property name="java.library.path" value=".:/Library/Java/Extensions:/System/Library/Java/Extensions:/usr/lib/java"/>
    <property name="surefire.test.class.path" value="/Users/calderaa/Desktop/rock-paper-scissors/target/test-classes:/Users/calderaa/Desktop/rock-paper-scissors/target/classes:/Users/calderaa/.m2/repository/org/testng/testng/6.1.1/testng-6.1.1.jar:/Users/calderaa/.m2/repository/junit/junit/3.8.1/junit-3.8.1.jar:/Users/calderaa/.m2/repository/org/beanshell/bsh/2.0b4/bsh-2.0b4.jar:/Users/calderaa/.m2/repository/com/beust/jcommander/1.12/jcommander-1.12.jar:/Users/calderaa/.m2/repository/org/yaml/snakeyaml/1.6/snakeyaml-1.6.jar:"/>
    <property name="java.specification.name" value="Java Platform API Specification"/>
    <property name="java.class.version" value="50.0"/>
    <property name="sun.management.compiler" value="HotSpot 64-Bit Tiered Compilers"/>
    <property name="os.version" value="10.7.4"/>
    <property name="http.nonProxyHosts" value="local|*.local|169.254/16|*.169.254/16"/>
    <property name="user.home" value="/Users/calderaa"/>
    <property name="user.timezone" value="Europe/London"/>
    <property name="java.awt.printerjob" value="apple.awt.CPrinterJob"/>
    <property name="java.specification.version" value="1.6"/>
    <property name="file.encoding" value="MacRoman"/>
    <property name="user.name" value="calderaa"/>
    <property name="java.class.path" value="/Users/calderaa/Desktop/rock-paper-scissors/target/test-classes:/Users/calderaa/Desktop/rock-paper-scissors/target/classes:/Users/calderaa/.m2/repository/org/testng/testng/6.1.1/testng-6.1.1.jar:/Users/calderaa/.m2/repository/junit/junit/3.8.1/junit-3.8.1.jar:/Users/calderaa/.m2/repository/org/beanshell/bsh/2.0b4/bsh-2.0b4.jar:/Users/calderaa/.m2/repository/com/beust/jcommander/1.12/jcommander-1.12.jar:/Users/calderaa/.m2/repository/org/yaml/snakeyaml/1.6/snakeyaml-1.6.jar:"/>
    <property name="java.vm.specification.version" value="1.0"/>
    <property name="sun.arch.data.model" value="64"/>
    <property name="java.home" value="/System/Library/Java/JavaVirtualMachines/1.6.0.jdk/Contents/Home"/>
    <property name="sun.java.command" value="/Users/calderaa/Desktop/rock-paper-scissors/target/surefire/surefirebooter2467743905677723330.jar /Users/calderaa/Desktop/rock-paper-scissors/target/surefire/surefire2782627460319769785tmp /Users/calderaa/Desktop/rock-paper-scissors/target/surefire/surefire4520906859092737900tmp"/>
    <property name="java.specification.vendor" value="Sun Microsystems Inc."/>
    <property name="user.language" value="en"/>
    <property name="awt.toolkit" value="apple.awt.CToolkit"/>
    <property name="java.vm.info" value="mixed mode"/>
    <property name="java.version" value="1.6.0_35"/>
    <property name="java.ext.dirs" value="/Library/Java/Extensions:/System/Library/Java/Extensions:/System/Library/Java/JavaVirtualMachines/1.6.0.jdk/Contents/Home/lib/ext"/>
    <property name="sun.boot.class.path" value="/System/Library/Java/JavaVirtualMachines/1.6.0.jdk/Contents/Classes/jsfd.jar:/System/Library/Java/JavaVirtualMachines/1.6.0.jdk/Contents/Classes/classes.jar:/System/Library/Frameworks/JavaVM.framework/Frameworks/JavaRuntimeSupport.framework/Resources/Java/JavaRuntimeSupport.jar:/System/Library/Java/JavaVirtualMachines/1.6.0.jdk/Contents/Classes/ui.jar:/System/Library/Java/JavaVirtualMachines/1.6.0.jdk/Contents/Classes/laf.jar:/System/Library/Java/JavaVirtualMachines/1.6.0.jdk/Contents/Classes/sunrsasign.jar:/System/Library/Java/JavaVirtualMachines/1.6.0.jdk/Contents/Classes/jsse.jar:/System/Library/Java/JavaVirtualMachines/1.6.0.jdk/Contents/Classes/jce.jar:/System/Library/Java/JavaVirtualMachines/1.6.0.jdk/Contents/Classes/charsets.jar"/>
    <property name="java.vendor" value="Apple Inc."/>
    <property name="localRepository" value="/Users/calderaa/.m2/repository"/>
    <property name="file.separator" value="/"/>
    <property name="java.vendor.url.bug" value="http://bugreport.apple.com/"/>
    <property name="sun.cpu.endian" value="little"/>
    <property name="sun.io.unicode.encoding" value="UnicodeLittle"/>
    <property name="mrj.version" value="1070.1.6.0_35-428"/>
    <property name="socksNonProxyHosts" value="local|*.local|169.254/16|*.169.254/16"/>
    <property name="ftp.nonProxyHosts" value="local|*.local|169.254/16|*.169.254/16"/>
    <property name="sun.cpu.isalist" value=""/>
  </properties>
  <testcase time="0.006" classname="org.andreacaldera.rockpaperscissors.AppTest" name="shouldFailWithTooManyParams"/>
  <testcase time="0.113" classname="org.andreacaldera.rockpaperscissors.AppTest" name="shouldIgnoreInvalidParam"/>
  <testcase time="0.009" classname="org.andreacaldera.rockpaperscissors.AppTest" name="shouldRunAutoMode"/>
  <testcase time="0" classname="org.andreacaldera.rockpaperscissors.AppTest" name="shouldRunHelp"/>
  <testcase time="0.007" classname="org.andreacaldera.rockpaperscissors.AppTest" name="shouldRunMain"/>
  <testcase time="0.012" classname="org.andreacaldera.rockpaperscissors.AppTest" name="shouldRunSheldonMode"/>
  <testcase time="0.009" classname="org.andreacaldera.rockpaperscissors.AutoPlayerTest" name="beforeClass"/>
  <testcase time="0" classname="org.andreacaldera.rockpaperscissors.AutoPlayerTest" name="shouldRun"/>
  <testcase time="0.002" classname="org.andreacaldera.rockpaperscissors.GameEngineTest" name="rockShouldBeatScissors"/>
  <testcase time="0" classname="org.andreacaldera.rockpaperscissors.GameEngineTest" name="shouldFailWithFirstWeaponNull"/>
  <testcase time="0.001" classname="org.andreacaldera.rockpaperscissors.GameEngineTest" name="shouldFailWithInvalidWeapon"/>
  <testcase time="0.001" classname="org.andreacaldera.rockpaperscissors.GameEngineTest" name="shouldFailWithSecondWeaponNull"/>
  <testcase time="0" classname="org.andreacaldera.rockpaperscissors.data.GameResultTest" name="shouldNotReturnEqualsTrueAndSameHashCodeWithWinner"/>
  <testcase time="0.001" classname="org.andreacaldera.rockpaperscissors.data.GameResultTest" name="shouldNotReturnEqualsTrueAndSameHashCodeWithoutWinner"/>
  <testcase time="0" classname="org.andreacaldera.rockpaperscissors.data.GameResultTest" name="shouldReturnEqualsTrueAndSameHashCodeWithWinner"/>
  <testcase time="0.001" classname="org.andreacaldera.rockpaperscissors.data.GameResultTest" name="shouldReturnEqualsTrueAndSameHashCodeWithoutWinner"/>
  <testcase time="0" classname="org.andreacaldera.rockpaperscissors.data.GameResultTest" name="shouldReturnEven"/>
  <testcase time="0" classname="org.andreacaldera.rockpaperscissors.data.GameResultTest" name="shouldReturnWinner"/>
  <testcase time="0" classname="org.andreacaldera.rockpaperscissors.data.GameResultTest" name="shouldThrowExceptionWithEmptyMessage"/>
  <testcase time="0.001" classname="org.andreacaldera.rockpaperscissors.data.GameResultTest" name="shouldThrowExceptionWithNullMessage"/>
  <testcase time="0.002" classname="org.andreacaldera.rockpaperscissors.exception.GameExceptionTest" name="shouldCreateExceptionWithException"/>
  <testcase time="0" classname="org.andreacaldera.rockpaperscissors.exception.GameExceptionTest" name="shouldCreateExceptionWithMessage"/>
</testsuite>