<?xml version="1.0" encoding="UTF-8"?>
<!-- Generated by org.testng.reporters.JUnitReportReporter -->
<testsuite hostname="iham12649.config" name="org.andreacaldera.rockpaperscissors.data.GameResultTest" tests="8" failures="0" timestamp="23 Sep 2012 21:21:53 GMT" time="0.002" errors="0">
  <testcase name="shouldReturnWinner" time="0.000" classname="org.andreacaldera.rockpaperscissors.data.GameResultTest"/>
  <testcase name="shouldThrowExceptionWithNullMessage" time="0.001" classname="org.andreacaldera.rockpaperscissors.data.GameResultTest"/>
  <testcase name="shouldThrowExceptionWithEmptyMessage" time="0.000" classname="org.andreacaldera.rockpaperscissors.data.GameResultTest"/>
  <testcase name="shouldReturnEqualsTrueAndSameHashCodeWithWinner" time="0.000" classname="org.andreacaldera.rockpaperscissors.data.GameResultTest"/>
  <testcase name="shouldNotReturnEqualsTrueAndSameHashCodeWithoutWinner" time="0.001" classname="org.andreacaldera.rockpaperscissors.data.GameResultTest"/>
  <testcase name="shouldReturnEqualsTrueAndSameHashCodeWithoutWinner" time="0.000" classname="org.andreacaldera.rockpaperscissors.data.GameResultTest"/>
  <testcase name="shouldNotReturnEqualsTrueAndSameHashCodeWithWinner" time="0.000" classname="org.andreacaldera.rockpaperscissors.data.GameResultTest"/>
  <testcase name="shouldReturnEven" time="0.000" classname="org.andreacaldera.rockpaperscissors.data.GameResultTest"/>
</testsuite>
