<?xml version="1.0" encoding="UTF-8"?>
<!-- Generated by org.testng.reporters.JUnitReportReporter -->
<testsuite hostname="iham12649.config" name="org.andreacaldera.rockpaperscissors.GameEngineTest" tests="4" failures="0" timestamp="23 Sep 2012 21:21:53 GMT" time="0.004" errors="0">
  <testcase name="shouldFailWithSecondWeaponNull" time="0.001" classname="org.andreacaldera.rockpaperscissors.GameEngineTest"/>
  <testcase name="shouldFailWithInvalidWeapon" time="0.001" classname="org.andreacaldera.rockpaperscissors.GameEngineTest"/>
  <testcase name="rockShouldBeatScissors" time="0.002" classname="org.andreacaldera.rockpaperscissors.GameEngineTest"/>
  <testcase name="shouldFailWithFirstWeaponNull" time="0.000" classname="org.andreacaldera.rockpaperscissors.GameEngineTest"/>
</testsuite>
