<?xml version="1.0" encoding="UTF-8"?>
<!-- Generated by org.testng.reporters.JUnitReportReporter -->
<testsuite hostname="iham12649.config" name="org.andreacaldera.rockpaperscissors.AppTest" tests="6" failures="0" timestamp="23 Sep 2012 21:21:53 GMT" time="0.148" errors="0">
  <testcase name="shouldIgnoreInvalidParam" time="0.113" classname="org.andreacaldera.rockpaperscissors.AppTest"/>
  <testcase name="shouldRunAutoMode" time="0.009" classname="org.andreacaldera.rockpaperscissors.AppTest"/>
  <testcase name="shouldRunHelp" time="0.000" classname="org.andreacaldera.rockpaperscissors.AppTest"/>
  <testcase name="shouldFailWithTooManyParams" time="0.007" classname="org.andreacaldera.rockpaperscissors.AppTest"/>
  <testcase name="shouldRunMain" time="0.007" classname="org.andreacaldera.rockpaperscissors.AppTest"/>
  <testcase name="shouldRunSheldonMode" time="0.012" classname="org.andreacaldera.rockpaperscissors.AppTest"/>
</testsuite>
