<?xml version="1.0" encoding="UTF-8"?>
<!-- Generated by org.testng.reporters.JUnitReportReporter -->
<testsuite hostname="iham12649.config" name="org.andreacaldera.rockpaperscissors.AutoPlayerTest" tests="2" failures="0" timestamp="23 Sep 2012 21:21:53 GMT" time="0.009" errors="0">
  <testcase name="shouldRun" time="0.000" classname="org.andreacaldera.rockpaperscissors.AutoPlayerTest"/>
  <testcase name="beforeClass" time="0.009" classname="org.andreacaldera.rockpaperscissors.AutoPlayerTest"/>
</testsuite>
