<?xml version="1.0" encoding="UTF-8"?>
<!-- Generated by org.testng.reporters.JUnitReportReporter -->
<testsuite hostname="iham12649.config" name="org.andreacaldera.rockpaperscissors.exception.GameExceptionTest" tests="2" failures="0" timestamp="23 Sep 2012 21:21:53 GMT" time="0.002" errors="0">
  <testcase name="shouldCreateExceptionWithMessage" time="0.000" classname="org.andreacaldera.rockpaperscissors.exception.GameExceptionTest"/>
  <testcase name="shouldCreateExceptionWithException" time="0.002" classname="org.andreacaldera.rockpaperscissors.exception.GameExceptionTest"/>
</testsuite>
